-----BEGIN STRICT TYPE LIB-----
Id: stl:oKImP6R~-7RZs4n2-EzPPuQP-H59Ol51-aN2GKYC-MgX~z3I#isotope-judo-good
Name: RGBContract
Dependencies:
	Std#delete-roman-hair,
	Bitcoin#quiz-patent-exit
Check-SHA256: 6d060d46d0c24f524de218c56bce38c3e93759a141f52f03fa936b8c93bd2a93

3sOfyLvL<$a$#e10)mO_O%DrjRIhYP1?a)oog)LLTw}}6rDvG=`c^zKY6DYrWWh(oW+jcb^C>NgzlT_m
3wFmfDB@ZlUF_{Gi(YuS4F^JLbYpL6ZUP5FX>?<6X>J1mA>%$n#j0HLDJN5-IKgM_J7b(p+0MPGk2Gl)
y2(Rz1Xgc#bfbbo^UK%K(4i9Ajp1M~R@C@!4#dQE#lUD;OiKi1Rs>XdX=LbXK+Rkw`Mu(V|7oQWGN(Z+
AyvH&RuaL#<Ajx9#RdpZb#!oVX>N1_Q*>km07$+g7b@t4MVjY>G@u4Q3HlB(d+LiLJm-R=h;`?dxDG*c
V`*tna%paKVPb4$UtT8V#RWVYMMP0s#-L?ApehHE`!Nx1aisd$7U5G>2tjOcXkkuuZGt0!^mXv<w6)w(
d6C|8kgcNIvvn*?253>L0b>G|!UaKWaA;xq7YGF1t^|4b)vt7`JJJH?>OpeZskt`?6&l-r#0;SdL2Phn
VN-2kY-||-3PEgaZ)0I}X>V=?0s&<KRzu`SjPv&tGy!?nCFm&fz)So=%sVIc1y9;Ha~%O0>*k#ka7f`<
Z^7s3P_GJP!FFFM<Ps#SEi3frU|e?wL2Yk!Zgd3!000OFL2`6yV{Byw0RRO80)mO_O%DrjRIhYP1?a)o
og)LLTw}}6rDvG=`c^zKYJwwx^mXv<w6)w(d6C|8kgcNIvvn*?253>L0b>G|!T<;Yf{E)*4-0TquXIZV
=)u>WBLk*fW6RH_XPEi=Ry;9kUtT8V#RWVYMMP0s#-L?ApehHE`!Nx1aisd$7U5G>00000000009{>OV
000002|;snWpq<;Wn%^e26Sm-Yh`i)TX!suv0v9m0LPL+_79KRH|I99{YEOV7tT#ZPWpkW1a4t%WdVR*
#k^Az$U%@qU7>2Bz={du0O&G0&#r1CLJBFZ06hm}WprU_Y;ynv0ssVVZ*FA(00035b8l^B00jX7KPz&#
#IG7-47St%2#c>Z5R>jkTb_MKDq#SE<Vn}$32<^{V`+0~Z*Boy1H>1Nsg8a>I`c#0nSFF19TD^=GS9xE
uuG0V@n0eeL3DIsV`yz<Zgd6$1ax_DWdX4b-u{3ft=OQ-2q_^@tFb&$O?KW<Xu-*G1)_duW?%+nX=i0~
bN~kc06-uB4ncHuVPj}*Wo~p%VQpmv0RRXBf{E)*4-0TquXIZV=)u>WBLk*fW6RH_XPEi=Ry;9kNWLQ%
D(Hkon&*Qwpawq)`VKLB>Wd>h=Ype%b?2720RR91000006aWAK000004ncHuVPj}*Wo~p-d2nS00s?7d
00035ZeeX@0Zy@TnA*;6t215lmk3S~(t;6Y7Z=sJCn}C_bsn*7Z3seja&Ap!bYTVo3SxC~ZcuV>Z)S4<
2>}k$8ao+<`1M~J|HmdBRUd1sOY#QI#7O<im$$@73C#ci000000096000000000a_Z*FvQVPkYtaAji#
1P5VqbZKL3WdH;M00eGtZe;)f009JZZ*64&1pxte|L{F3!Q^Ra!2RoXYALLmteB)ukob+Oz|T1Ad@WxD
ZeeX@0f1h`yi*d$L6AgUp=zPPiV5QY=rTIbu4*Gf3Ms7sJqKiEbYW?1a{vSa00eGtZe;)f009JZZ*64&
1pxs+D{{BQuNq?vw$uLzi?1~hlkP@ao_$9uVE}^UN!R2FaB^j1X>)0BZUJ2b#21aJj($Hn^F!mAeRLol
5%ecA&%UCtOO8MBUm^`dZ*FvQVPkYuWpZtE1_A_hWq5P}7|WDz5|hsu4xM=1##_akM=$^Wt^4(jv6#$*
DE3PM1#M+yX<+~a0ssVVZ*FA(00035b8l^B00jX7L#ltp_Vr{><)W@$8mW*%&FhDhLgP$wKlOrtu`}L^
2SjCbVQFl01pxpE00992000000093000000000d|ZDM6)WMyPcWn^h#1_A_hd2nR`u?^n-fFP~dpvnj-
AyBKaJW)+{-ce}5$#DguerIN21Y}`!VE_mK06+i$000000096000000000R|b8~fNO=Wap1_20iWpib6
c4cz_2>}k$8ao+<`1M~J|HmdBRUd1sOY#QI#7O<im$$@73C#ci000000096000000000b4Wn^h#Qe|gO
VQpmv0RRO80)mO_O%DrjRIhYP1?a)oog)LLTw}}6rDvG=`c^zKYWWuk1l_I#dHB_@bgMhk0_N&La@nc5
HwP6O+keCip#TU0Jkg?^%&nV|dnPbniKwLeAs8?!PIJYq3V03Xs{mee0000000000KL7v#000002~A~W
X<<}(aAgJq1ax_DWdR(pb&eFm0E`a+jONnR9-bLD;mr@36vdi;DdEn0pt}cibz*dRaAg1l0ssVVZ*FA(
00035b8l^B00jX79I$nc6v6<E4*-nj($pTF88_k051ACjntmza&U>J{2V-bqa&u*L00aU61a5C`WdHyG
0R(ezZDjxj0RbGab&eFm0E`a+jONnR9-bLD;mr@36vdi;DdEn0pt}f7X>DagXkl^#Ed*tFV{9P=Xkl|`
BL-w|Y;0k2Bm-e>a3%zBY;|)h1Y}`zXe|R|Z*(pMdS!BNFavLHWibPEcW*KUbZByAWite3Z*_7s1ZHV=
Wi<nHX?QjTb7gjAZZ`#GX=iA3I0SBKZe=+IV_|Y-bY2E*Z)9O}XkP(gVF6-d0b^qUWMlzlWdUYp0cU3c
XlMaxX#r|#0c&dkY-|B-Z2@j>0dH>saBu-}aRG920dsQ!baVlAbpdvE0e5!+cz6MMc>#KQ1WsXXWd#8M
1p)$siR(=d3vg7gbV~*3!PlK51EySK%g?1}nECovJTYoWz9SbZ=!8X@=Yuq$20sb<4l#S`iz7Vef}@Ca
=a#qt2m*qM>rD>}a8$2!O9kk`*PSB+rd(so&!uOW`TABoF=|M@BNr;@ghiU?gEXK9KMDE{F?;HZBRuDV
qlk6qmbd@_00000001Wd00000000e7cWz~5Msi_ebZKvH1pxp62nkSfWn*b`X>V==6ANi>WNCJ3b7^91
WdH<ZWn*ap1!HAybZG(wZE0+5X#)vlWn*bgX>4q11PWtiZggo)X>4q11qE$sV{&f>31nqsX-#Qka&HF;
V`Xl1X-#Qka&HI(Zeeb32?%6mV`)xdZf^<+V`Xl1X-;8oZwmx)X=85;2xMhrX;5inZw(1!Wo~q7P-$at
4h3dqZFFxB31nqsX+~vjbZ-y}V`Xl1X+~vjbZ-#^VRUqF5)V*vZ*OK#W>RHyWpZ|9a|Qwgb#!=d0>MYb
W+jcb^C>NgzlT_m3wFmfDB@ZlUF_{Gi(YuS4d`k>&0Hn<z2b!bX{8Y|r$H+rRlN>Y62ZUYgq2{$1_f|(
Z*OJ*2mk;;0000000000|Nj60000004N_%lWn*+qX>)W{a%=?w00ja9f{E)*4-0TquXIZV=)u>WBLk*f
W6RH_XPEi=Ry;9kNWLQ%D(Hkon&*Qwpawq)`VKLB>Wd>h=Ype%b?27200;ttiR(=d3vg7gbV~*3!PlK5
1EySK%g?1}nECovJTYoWz9SbZ=!8X@=Yuq$20sb<4l#S`iz7Vef}@Ca=a#qt000000000#9{>OV0000H
QfXsha%5>?ZbNTwbaG*1bOiwb2mk>90000000030{{R3000006RB2;tWpV`p00ja9f{E)*4-0TquXIZV
=)u>WBLk*fW6RH_XPEi=Ry;9kf+K+Rb@1)9wcJs8k=}EVt)knrbu3H<Xi=&GV*-}K00;ttiR(=d3vg7g
bV~*3!PlK51EySK%g?1}nECovJTYotUMA(m1w0!?L{VGDpk+OvDhHAKF%fNXr25$w;Zs!r0000000007
0000000009RBvl#ZbV^pVFm~VX>Md?cmZVrRzu`SjPv&tGy!?nCFm&fz)So=%sVIc1y9;Ha~%eBX=7_;
asUJZ00eGtZe;)f009JZZ*64&1pxtDcPx&vU)M(f$C5$z50Bb6=QgwbMk=ru&P_#5`hlthZeeX@00aU6
1a5C`WdHyG0R(ezZDjxj0Rezs#k^Az$U%@qU7>2Bz={du0O&G0&#r1CLJBFZ06hm}WprU_Y;ynv0ssVV
Z*FA(00035b8l^B00jX7KPz&##IG7-47St%2#c>Z5R>jkTb_MKDq#SE<Vn}$2XJy_c4=jI00aU61a5C`
WdHyG0R(ezZDjxj0RaxGt{Qo#1aqv%riM}dFTwu+9@o<DK!Dj2oQ!vIg8Kz+Wn^h#00aU61a5C`WdHyG
0R(ezZDjxj0Rcm*f5rCoWKZRyu3j3ckV4Jthm=C&OmaW<f`73y-iixhbaY{3Xl-R~baMa-00032L#ltp
_Vr{><)W@$8mW*%&FhDhLgP$wKlOrtu`}L^00000000006aWAK000002y$g}WpZ|9a{vSa00eGtZe;)f
009JZZ*64&1pxsL(i%G%h4}Sf8vn;89aSG|t4s0*&BRFk%a^yrND0jfRBvl#Zb@!rWq1Vv000C

-----END STRICT TYPE LIB-----

